
=============== START PROCESSING ::  Mon Oct 29 10:55:36 MYT 2018  =============== 

Oct 29, 2018 10:55:37 AM java.util.jar.Attributes read
WARNING: Duplicate name in Manifest: Implementation-Title.
Ensure that the manifest does not have duplicate entries, and
that blank lines separate individual sections in both your
manifest and in the META-INF/MANIFEST.MF entry in the jar file.
Oct 29, 2018 10:55:37 AM java.util.jar.Attributes read
WARNING: Duplicate name in Manifest: Implementation-Version.
Ensure that the manifest does not have duplicate entries, and
that blank lines separate individual sections in both your
manifest and in the META-INF/MANIFEST.MF entry in the jar file.
Oct 29, 2018 10:55:37 AM java.util.jar.Attributes read
WARNING: Duplicate name in Manifest: Implementation-Vendor.
Ensure that the manifest does not have duplicate entries, and
that blank lines separate individual sections in both your
manifest and in the META-INF/MANIFEST.MF entry in the jar file.
Oct 29, 2018 10:55:37 AM java.util.jar.Attributes read
WARNING: Duplicate name in Manifest: Implementation-Title.
Ensure that the manifest does not have duplicate entries, and
that blank lines separate individual sections in both your
manifest and in the META-INF/MANIFEST.MF entry in the jar file.
Oct 29, 2018 10:55:37 AM java.util.jar.Attributes read
WARNING: Duplicate name in Manifest: Implementation-Version.
Ensure that the manifest does not have duplicate entries, and
that blank lines separate individual sections in both your
manifest and in the META-INF/MANIFEST.MF entry in the jar file.
Oct 29, 2018 10:55:37 AM java.util.jar.Attributes read
WARNING: Duplicate name in Manifest: Implementation-Vendor.
Ensure that the manifest does not have duplicate entries, and
that blank lines separate individual sections in both your
manifest and in the META-INF/MANIFEST.MF entry in the jar file.
==> Reading configuration properties - /bv_data/bv_app/GoldAndSilverRates/config/gs_mq.cfg
==> Establishing MQ connection...
*********************************************************************
mqHost =172.29.75.10
mqPort=2414
mqChannel=SYSTEM.DEF.SVRCONN
mqQmananager=M2US11
mqReqQ=M2U.MQS3.REQ.FTP.10
mqTout=5
*********************************************************************
==> Establishing database connection
  ==> Loading JDBC driver ....
==> Connected to drivername :oracle.jdbc.driver.OracleDriver
==> Connected to url :jdbc:oracle:thin:@172.31.11.50:1521:ibd
==> Connected to username :bvuat1
==> Connected to :jdbc:oracle:thin:@172.31.11.50:1521:ibd
==> Retrieving MQ message .....
MQJE001: Completion Code 2, Reason 2033
*** There are NO Messages in MQ to Retrive :[M2U.MQS3.REQ.FTP.10]MQJE001: Completion Code 2, Reason 2033
FINALLY closing all open connections
Closing database connection
Closing MQ connection
*** GoldAndSilverMQTrigger Process completed :29 Oct 2018 10:55:37 MYT

===============  END PROCESSING  ::  Mon Oct 29 10:55:44 MYT 2018  =============== 

=============== START PROCESSING ::  Tue Oct 30 10:17:51 MYT 2018  =============== 

Oct 30, 2018 10:17:52 AM java.util.jar.Attributes read
WARNING: Duplicate name in Manifest: Implementation-Title.
Ensure that the manifest does not have duplicate entries, and
that blank lines separate individual sections in both your
manifest and in the META-INF/MANIFEST.MF entry in the jar file.
Oct 30, 2018 10:17:52 AM java.util.jar.Attributes read
WARNING: Duplicate name in Manifest: Implementation-Version.
Ensure that the manifest does not have duplicate entries, and
that blank lines separate individual sections in both your
manifest and in the META-INF/MANIFEST.MF entry in the jar file.
Oct 30, 2018 10:17:52 AM java.util.jar.Attributes read
WARNING: Duplicate name in Manifest: Implementation-Vendor.
Ensure that the manifest does not have duplicate entries, and
that blank lines separate individual sections in both your
manifest and in the META-INF/MANIFEST.MF entry in the jar file.
Oct 30, 2018 10:17:52 AM java.util.jar.Attributes read
WARNING: Duplicate name in Manifest: Implementation-Title.
Ensure that the manifest does not have duplicate entries, and
that blank lines separate individual sections in both your
manifest and in the META-INF/MANIFEST.MF entry in the jar file.
Oct 30, 2018 10:17:52 AM java.util.jar.Attributes read
WARNING: Duplicate name in Manifest: Implementation-Version.
Ensure that the manifest does not have duplicate entries, and
that blank lines separate individual sections in both your
manifest and in the META-INF/MANIFEST.MF entry in the jar file.
Oct 30, 2018 10:17:52 AM java.util.jar.Attributes read
WARNING: Duplicate name in Manifest: Implementation-Vendor.
Ensure that the manifest does not have duplicate entries, and
that blank lines separate individual sections in both your
manifest and in the META-INF/MANIFEST.MF entry in the jar file.
==> Reading configuration properties - /bv_data/bv_app/GoldAndSilverRates/config/gs_mq.cfg
==> Establishing MQ connection...
*********************************************************************
mqHost =172.29.75.10
mqPort=2414
mqChannel=SYSTEM.DEF.SVRCONN
mqQmananager=M2US11
mqReqQ=M2U.MQS3.REQ.FTP.10
mqTout=5
*********************************************************************
==> Establishing database connection
  ==> Loading JDBC driver ....
==> Connected to drivername :oracle.jdbc.driver.OracleDriver
==> Connected to url :jdbc:oracle:thin:@172.31.11.50:1521:ibd
==> Connected to username :bvuat1
==> Connected to :jdbc:oracle:thin:@172.31.11.50:1521:ibd
==> Retrieving MQ message .....
==> DATA Recived from MQ Success
==> GOLD DATA Found   :[GLDGOLD PRICES RATES   000DFLTT0292910181837470000000000000000000000000000000000000000000000000000000000000000000000000000000000000000000000000000000000000000000000000000000000000000000000000000000000000000000000000000000000000000000000000000000000000000000000000000000000000000000000000000000000000000000000000000000000000000000000000000000000000000000000000000000000000000000000000000000000000000000000000000000000000000000000000000000000000000000000000000000000000000000000000000000000000000000000000000000000000000000000000000000000000000000000000000000000000000000000000000000000000000000000000000000000000000000000000000000000000000000000000000000000000000000000000000000000000000000000000000000000000000000000000000000000000000000000000000000000000000000000000000000000000000000000000000003611936761171861759300000000000000000000000000000000000000000000000000000000000000000000000000000000]
==> SILVER DATA Found :[SVRSILVER PRICES       000DFLTT0292910181837470000000000000000000000000000000000000000000000000000000000000000000000000000000000000000000000000000000000000000000000000000000000000000000000000000000000000000000000000000000000000000000000000000000000000000000000000000000000000000000000000000000000000000000000000000000000000000000000000000000000000000000000000000000000000000000000000000000000000000000000000000000000000000000000000000000000000000000000000000000000000000000000000000000000000000000000000000000000000000000000000000000000000000000000000000000000000000000000000000000000000000000000000000000000000000000000000000000000000000000000000000000000000000000000000000000000000000000000000000000000000000000000000000000000000000000000000000000000000000000000000000000000000000000000000000000040400388003390037300000000000000000000000000000000000000000000000000000000000000000000000000000000]
==> KIJ DATA Found :[KIJKIJANG EMAS PRICES  000DFLTT0292910181837470000000074180007206000005173047600004603000002587034060003302000001294000000000000000000000000000000000000000000000000000000000000000000000000000000000000000000000000000000000000000000000000000000000000000000000000000000000000000000000000000000000000000000000000000000000000000000000000000000000000000000000000000000000000000000000000000000000000000000000000000000000000000000000000000000000000000000000000000000000000000000000000000000000000000000000000000000000000000000000000000000000000000000000000000000000000000000000000000000000000000000000000000000000000000000000000000000000000000000000000000000000000000000000000000000000000000000000000000000000000000000000000000000000000000000000000000000000000000000000000000000000000000000000000000000000000000000000000000000000000000000000000000000000000000000000000000000000000000000000000000000000000]
Source Record time stamp  [29/10/18:183747] and DB Record Time stamps [06/11/18:162205] .
  

*** 2 Ingnore KIJ Rates: Mainframe Record time stamp  [29/10/18:183747] and DB Record Time stamps [06/11/18:162205] .
  
*** 2 Ingnore KIJ Rates: Mainframe Record time stamp  [29/10/18:183747] and DB Record Time stamps [06/11/18:162205] .
  
Source Record time stamp  [29/10/18:183747] and DB Record Time stamps [06/11/18:162205] .
  

*** 2 Ingnore Gold Rates: Mainframe Record time stamp  [29/10/18:183747] and DB Record Time stamps [06/11/18:162205] .
  
*** 2 Ingnore Gold Rates: Mainframe Record time stamp  [29/10/18:183747] and DB Record Time stamps [06/11/18:162205] .
  
Source Record time stamp  [29/10/18:183747] and DB Record Time stamps [06/11/18:162205] .
  

*** 2 Ingnore SILVER Rates: Mainframe Record time stamp  [29/10/18:183747] and DB Record Time stamps [06/11/18:162205]  .
  
*** 2 Ingnore SILVER Rates: Mainframe Record time stamp  [29/10/18:183747] and DB Record Time stamps [06/11/18:162205]  .
  
Ending while Messages process..
==> Retrieving MQ message .....
MQJE001: Completion Code 2, Reason 2033
*** There are NO Messages in MQ to Retrive :[M2U.MQS3.REQ.FTP.10]MQJE001: Completion Code 2, Reason 2033
FINALLY closing all open connections
Closing database connection
Closing MQ connection
*** GoldAndSilverMQTrigger Process completed :30 Oct 2018 10:17:53 MYT

===============  END PROCESSING  ::  Tue Oct 30 10:18:00 MYT 2018  =============== 

=============== START PROCESSING ::  Tue Oct 30 11:49:35 MYT 2018  =============== 

Oct 30, 2018 11:49:36 AM java.util.jar.Attributes read
WARNING: Duplicate name in Manifest: Implementation-Title.
Ensure that the manifest does not have duplicate entries, and
that blank lines separate individual sections in both your
manifest and in the META-INF/MANIFEST.MF entry in the jar file.
Oct 30, 2018 11:49:36 AM java.util.jar.Attributes read
WARNING: Duplicate name in Manifest: Implementation-Version.
Ensure that the manifest does not have duplicate entries, and
that blank lines separate individual sections in both your
manifest and in the META-INF/MANIFEST.MF entry in the jar file.
Oct 30, 2018 11:49:36 AM java.util.jar.Attributes read
WARNING: Duplicate name in Manifest: Implementation-Vendor.
Ensure that the manifest does not have duplicate entries, and
that blank lines separate individual sections in both your
manifest and in the META-INF/MANIFEST.MF entry in the jar file.
Oct 30, 2018 11:49:36 AM java.util.jar.Attributes read
WARNING: Duplicate name in Manifest: Implementation-Title.
Ensure that the manifest does not have duplicate entries, and
that blank lines separate individual sections in both your
manifest and in the META-INF/MANIFEST.MF entry in the jar file.
Oct 30, 2018 11:49:36 AM java.util.jar.Attributes read
WARNING: Duplicate name in Manifest: Implementation-Version.
Ensure that the manifest does not have duplicate entries, and
that blank lines separate individual sections in both your
manifest and in the META-INF/MANIFEST.MF entry in the jar file.
Oct 30, 2018 11:49:36 AM java.util.jar.Attributes read
WARNING: Duplicate name in Manifest: Implementation-Vendor.
Ensure that the manifest does not have duplicate entries, and
that blank lines separate individual sections in both your
manifest and in the META-INF/MANIFEST.MF entry in the jar file.
==> Reading configuration properties - /bv_data/bv_app/GoldAndSilverRates/config/gs_mq.cfg
==> Establishing MQ connection...
*********************************************************************
mqHost =172.29.75.10
mqPort=2414
mqChannel=SYSTEM.DEF.SVRCONN
mqQmananager=M2US11
mqReqQ=M2U.MQS3.REQ.FTP.10
mqTout=5
*********************************************************************
==> Establishing database connection
  ==> Loading JDBC driver ....
==> Connected to drivername :oracle.jdbc.driver.OracleDriver
==> Connected to url :jdbc:oracle:thin:@172.31.11.50:1521:ibd
==> Connected to username :bvuat1
==> Connected to :jdbc:oracle:thin:@172.31.11.50:1521:ibd
==> Retrieving MQ message .....
==> DATA Recived from MQ Success
==> GOLD DATA Found   :[GLDGOLD PRICES RATES   000DFLTT0292910181837470000000000000000000000000000000000000000000000000000000000000000000000000000000000000000000000000000000000000000000000000000000000000000000000000000000000000000000000000000000000000000000000000000000000000000000000000000000000000000000000000000000000000000000000000000000000000000000000000000000000000000000000000000000000000000000000000000000000000000000000000000000000000000000000000000000000000000000000000000000000000000000000000000000000000000000000000000000000000000000000000000000000000000000000000000000000000000000000000000000000000000000000000000000000000000000000000000000000000000000000000000000000000000000000000000000000000000000000000000000000000000000000000000000000000000000000000000000000000000000000000000000000000000000000000000003611936761171861759300000000000000000000000000000000000000000000000000000000000000000000000000000000]
==> SILVER DATA Found :[SVRSILVER PRICES       000DFLTT0292910181837470000000000000000000000000000000000000000000000000000000000000000000000000000000000000000000000000000000000000000000000000000000000000000000000000000000000000000000000000000000000000000000000000000000000000000000000000000000000000000000000000000000000000000000000000000000000000000000000000000000000000000000000000000000000000000000000000000000000000000000000000000000000000000000000000000000000000000000000000000000000000000000000000000000000000000000000000000000000000000000000000000000000000000000000000000000000000000000000000000000000000000000000000000000000000000000000000000000000000000000000000000000000000000000000000000000000000000000000000000000000000000000000000000000000000000000000000000000000000000000000000000000000000000000000000000000040400388003390037300000000000000000000000000000000000000000000000000000000000000000000000000000000]
==> KIJ DATA Found :[KIJKIJANG EMAS PRICES  000DFLTT0292910181837470000000074180007206000005173047600004603000002587034060003302000001294000000000000000000000000000000000000000000000000000000000000000000000000000000000000000000000000000000000000000000000000000000000000000000000000000000000000000000000000000000000000000000000000000000000000000000000000000000000000000000000000000000000000000000000000000000000000000000000000000000000000000000000000000000000000000000000000000000000000000000000000000000000000000000000000000000000000000000000000000000000000000000000000000000000000000000000000000000000000000000000000000000000000000000000000000000000000000000000000000000000000000000000000000000000000000000000000000000000000000000000000000000000000000000000000000000000000000000000000000000000000000000000000000000000000000000000000000000000000000000000000000000000000000000000000000000000000000000000000000000000000]
Source Record time stamp  [29/10/18:183747] and DB Record Time stamps [06/10/18:162205] .
  


METAL_CODE	KIJ
METAL_DESC	KIJANG EMA
LAST_UPDATED_DATE	291018
LAST_UPDATED_TIME	183747
METAL_SELLINGPRICE	0741800
METAL_BUYINGPRICE	0720600
METAL_HALF_SELLINGPRICE	0476000
METAL_HALF_BUYINGPRICE	0460300
METAL_QUARTER_SELLINGPRICE	0340600
METAL_QUARTER_BUYINGPRICE	0330200
### Formatted values ### 
METAL_SELLINGPRICE:07418.00
METAL_BUYINGPRICE:07206.00
METAL_HALF_SELLINGPRICE:04760.00
METAL_HALF_BUYINGPRICE:04603.00
METAL_QUARTER_SELLINGPRICE:03406.00
METAL_QUARTER_BUYINGPRICE:03302.00
Updating sql dat :[:update MBB_PRECIOUSMETAL_PRICE set METAL_DESC = 'KIJANG EMA', LAST_UPDATED_DATE = '29/10/18', LAST_UPDATED_TIME = '183747', METAL_BUYINGPRICE = 07206.00, METAL_SELLINGPRICE = 07418.00, METAL_HALF_SELLINGPRICE = 04760.00, METAL_HALF_BUYINGPRICE = 04603.00, METAL_QUARTER_SELLINGPRICE = 03406.00, METAL_QUARTER_BUYINGPRICE = 03302.00 where METAL_CODE = 'KIJ']
  1 record updated successflly FOR METAL_CODE:[KIJ]
Source Record time stamp  [29/10/18:183747] and DB Record Time stamps [06/10/18:162205] .
  


METAL_CODE	GLD
METAL_DESC	GOLD PRICE
LAST_UPDATED_DATE	291018
LAST_UPDATED_TIME	183747
METAL_BUYINGPRICE	36119
METAL_SELLINGPRICE	36761
METAL_MIDPRICE	17186
METAL_REVEALPRICE	17593
Updating sql dat :[:update MBB_PRECIOUSMETAL_PRICE set METAL_DESC = 'GOLD PRICE', LAST_UPDATED_DATE = '29/10/18', LAST_UPDATED_TIME = '183747', METAL_BUYINGPRICE = 361.19, METAL_SELLINGPRICE = 367.61, METAL_MIDPRICE = 171.86, METAL_REVEALPRICE = 175.93 where METAL_CODE = 'GLD']
  1 record updated successflly FOR METAL_CODE:[GLD]
Source Record time stamp  [29/10/18:183747] and DB Record Time stamps [06/10/18:162205] .
  


*********************************************************************
==> Start SILVER Data Processing  ...30 Oct 2018 11:49:36 MYT
METAL_CODE	SVR
METAL_DESC	SILVER PRI
LAST_UPDATED_DATE	291018
LAST_UPDATED_TIME	183747
METAL_BUYINGPRICE	00404
METAL_SELLINGPRICE	00388
METAL_MIDPRICE	00339
METAL_REVEALPRICE	00373
Updating sql dat :[:update MBB_PRECIOUSMETAL_PRICE set METAL_DESC = 'SILVER PRI', LAST_UPDATED_DATE = '29/10/18', LAST_UPDATED_TIME = '183747', METAL_BUYINGPRICE = 004.04, METAL_SELLINGPRICE = 003.88, METAL_MIDPRICE = 003.39, METAL_REVEALPRICE = 003.73 where METAL_CODE = 'SVR']
  1 record updated successflly for METAL_CODE:[SVR]
Ending while Messages process..
==> Retrieving MQ message .....
MQJE001: Completion Code 2, Reason 2033
*** There are NO Messages in MQ to Retrive :[M2U.MQS3.REQ.FTP.10]MQJE001: Completion Code 2, Reason 2033
FINALLY closing all open connections
Closing database connection
Closing MQ connection
*** GoldAndSilverMQTrigger Process completed :30 Oct 2018 11:49:36 MYT

===============  END PROCESSING  ::  Tue Oct 30 11:49:44 MYT 2018  =============== 

=============== START PROCESSING ::  Tue Oct 30 11:59:52 MYT 2018  =============== 

Oct 30, 2018 11:59:53 AM java.util.jar.Attributes read
WARNING: Duplicate name in Manifest: Implementation-Title.
Ensure that the manifest does not have duplicate entries, and
that blank lines separate individual sections in both your
manifest and in the META-INF/MANIFEST.MF entry in the jar file.
Oct 30, 2018 11:59:54 AM java.util.jar.Attributes read
WARNING: Duplicate name in Manifest: Implementation-Version.
Ensure that the manifest does not have duplicate entries, and
that blank lines separate individual sections in both your
manifest and in the META-INF/MANIFEST.MF entry in the jar file.
Oct 30, 2018 11:59:54 AM java.util.jar.Attributes read
WARNING: Duplicate name in Manifest: Implementation-Vendor.
Ensure that the manifest does not have duplicate entries, and
that blank lines separate individual sections in both your
manifest and in the META-INF/MANIFEST.MF entry in the jar file.
Oct 30, 2018 11:59:54 AM java.util.jar.Attributes read
WARNING: Duplicate name in Manifest: Implementation-Title.
Ensure that the manifest does not have duplicate entries, and
that blank lines separate individual sections in both your
manifest and in the META-INF/MANIFEST.MF entry in the jar file.
Oct 30, 2018 11:59:54 AM java.util.jar.Attributes read
WARNING: Duplicate name in Manifest: Implementation-Version.
Ensure that the manifest does not have duplicate entries, and
that blank lines separate individual sections in both your
manifest and in the META-INF/MANIFEST.MF entry in the jar file.
Oct 30, 2018 11:59:54 AM java.util.jar.Attributes read
WARNING: Duplicate name in Manifest: Implementation-Vendor.
Ensure that the manifest does not have duplicate entries, and
that blank lines separate individual sections in both your
manifest and in the META-INF/MANIFEST.MF entry in the jar file.
==> Reading configuration properties - /bv_data/bv_app/GoldAndSilverRates/config/gs_mq.cfg
==> Establishing MQ connection...
*********************************************************************
mqHost =172.29.75.10
mqPort=2414
mqChannel=SYSTEM.DEF.SVRCONN
mqQmananager=M2US11
mqReqQ=M2U.MQS3.REQ.FTP.10
mqTout=5
*********************************************************************
==> Establishing database connection
  ==> Loading JDBC driver ....
==> Connected to drivername :oracle.jdbc.driver.OracleDriver
==> Connected to url :jdbc:oracle:thin:@172.31.11.50:1521:ibd
==> Connected to username :bvuat1
==> Connected to :jdbc:oracle:thin:@172.31.11.50:1521:ibd
==> Retrieving MQ message .....
==> DATA Recived from MQ Success
==> GOLD DATA Found   :[GLDGOLD PRICES RATES   000DFLTT0292910181837470000000000000000000000000000000000000000000000000000000000000000000000000000000000000000000000000000000000000000000000000000000000000000000000000000000000000000000000000000000000000000000000000000000000000000000000000000000000000000000000000000000000000000000000000000000000000000000000000000000000000000000000000000000000000000000000000000000000000000000000000000000000000000000000000000000000000000000000000000000000000000000000000000000000000000000000000000000000000000000000000000000000000000000000000000000000000000000000000000000000000000000000000000000000000000000000000000000000000000000000000000000000000000000000000000000000000000000000000000000000000000000000000000000000000000000000000000000000000000000000000000000000000000000000000000003611936761171861759300000000000000000000000000000000000000000000000000000000000000000000000000000000]
==> SILVER DATA Found :[SVRSILVER PRICES       000DFLTT0292910181837470000000000000000000000000000000000000000000000000000000000000000000000000000000000000000000000000000000000000000000000000000000000000000000000000000000000000000000000000000000000000000000000000000000000000000000000000000000000000000000000000000000000000000000000000000000000000000000000000000000000000000000000000000000000000000000000000000000000000000000000000000000000000000000000000000000000000000000000000000000000000000000000000000000000000000000000000000000000000000000000000000000000000000000000000000000000000000000000000000000000000000000000000000000000000000000000000000000000000000000000000000000000000000000000000000000000000000000000000000000000000000000000000000000000000000000000000000000000000000000000000000000000000000000000000000000040400388003390037300000000000000000000000000000000000000000000000000000000000000000000000000000000]
==> KIJ DATA Found :[KIJKIJANG EMAS PRICES  000DFLTT0292910181837470000000074180007206000005173047600004603000002587034060003302000001294000000000000000000000000000000000000000000000000000000000000000000000000000000000000000000000000000000000000000000000000000000000000000000000000000000000000000000000000000000000000000000000000000000000000000000000000000000000000000000000000000000000000000000000000000000000000000000000000000000000000000000000000000000000000000000000000000000000000000000000000000000000000000000000000000000000000000000000000000000000000000000000000000000000000000000000000000000000000000000000000000000000000000000000000000000000000000000000000000000000000000000000000000000000000000000000000000000000000000000000000000000000000000000000000000000000000000000000000000000000000000000000000000000000000000000000000000000000000000000000000000000000000000000000000000000000000000000000000000000000000]
Source Record time stamp  [29/10/18:183747] and DB Record Time stamps [29/10/18:183747] .
  
*** 1 Ingnore KIJ Rates: Mainframe Record time stamp  [29/10/18:183747] and DB Record Time stamps [29/10/18:183747] are same .
  
*** 1 Ingnore KIJ Rates: Mainframe Record time stamp  [29/10/18:183747] and DB Record Time stamps [29/10/18:183747] are same .
  
*** 1 Ingnore KIJ Rates: Mainframe Record time stamp  [29/10/18:183747] and DB Record Time stamps [29/10/18:183747] are same .
  
Source Record time stamp  [29/10/18:183747] and DB Record Time stamps [29/10/18:183747] .
  
*** 1 Ingnore Gold Rates: Mainframe Record time stamp  [29/10/18:183747] and DB Record Time stamps [29/10/18:183747] are same .
  
*** 1 Ingnore Gold Rates: Mainframe Record time stamp  [29/10/18:183747] and DB Record Time stamps [29/10/18:183747] are same .
  
*** 1 Ingnore Gold Rates: Mainframe Record time stamp  [29/10/18:183747] and DB Record Time stamps [29/10/18:183747] are same .
  
Source Record time stamp  [29/10/18:183747] and DB Record Time stamps [29/10/18:183747] .
  
*** 1 Ignore Silver Rates: Mainframe Record time stamp  [29/10/18:183747] and DB Record time stamps [29/10/18:183747] are same .
  
*** 1 Ignore Silver Rates: Mainframe Record time stamp  [29/10/18:183747] and DB Record time stamps [29/10/18:183747] are same .
  
*** 1 Ignore Silver Rates: Mainframe Record time stamp  [29/10/18:183747] and DB Record time stamps [29/10/18:183747] are same .
  
Ending while Messages process..
==> Retrieving MQ message .....
MQJE001: Completion Code 2, Reason 2033
*** There are NO Messages in MQ to Retrive :[M2U.MQS3.REQ.FTP.10]MQJE001: Completion Code 2, Reason 2033
FINALLY closing all open connections
Closing database connection
Closing MQ connection
*** GoldAndSilverMQTrigger Process completed :30 Oct 2018 11:59:54 MYT

===============  END PROCESSING  ::  Tue Oct 30 12:00:01 MYT 2018  =============== 

=============== START PROCESSING ::  Fri Nov 2 11:28:18 MYT 2018  =============== 

Nov 2, 2018 11:28:20 AM java.util.jar.Attributes read
WARNING: Duplicate name in Manifest: Implementation-Title.
Ensure that the manifest does not have duplicate entries, and
that blank lines separate individual sections in both your
manifest and in the META-INF/MANIFEST.MF entry in the jar file.
Nov 2, 2018 11:28:20 AM java.util.jar.Attributes read
WARNING: Duplicate name in Manifest: Implementation-Version.
Ensure that the manifest does not have duplicate entries, and
that blank lines separate individual sections in both your
manifest and in the META-INF/MANIFEST.MF entry in the jar file.
Nov 2, 2018 11:28:20 AM java.util.jar.Attributes read
WARNING: Duplicate name in Manifest: Implementation-Vendor.
Ensure that the manifest does not have duplicate entries, and
that blank lines separate individual sections in both your
manifest and in the META-INF/MANIFEST.MF entry in the jar file.
Nov 2, 2018 11:28:20 AM java.util.jar.Attributes read
WARNING: Duplicate name in Manifest: Implementation-Title.
Ensure that the manifest does not have duplicate entries, and
that blank lines separate individual sections in both your
manifest and in the META-INF/MANIFEST.MF entry in the jar file.
Nov 2, 2018 11:28:20 AM java.util.jar.Attributes read
WARNING: Duplicate name in Manifest: Implementation-Version.
Ensure that the manifest does not have duplicate entries, and
that blank lines separate individual sections in both your
manifest and in the META-INF/MANIFEST.MF entry in the jar file.
Nov 2, 2018 11:28:20 AM java.util.jar.Attributes read
WARNING: Duplicate name in Manifest: Implementation-Vendor.
Ensure that the manifest does not have duplicate entries, and
that blank lines separate individual sections in both your
manifest and in the META-INF/MANIFEST.MF entry in the jar file.
==> Reading configuration properties - /bv_data/bv_app/GoldAndSilverRates/config/gs_mq.cfg
==> Establishing MQ connection...
*********************************************************************
mqHost =172.29.75.10
mqPort=2414
mqChannel=SYSTEM.DEF.SVRCONN
mqQmananager=M2US11
mqReqQ=M2U.MQS3.REQ.FTP.10
mqTout=5
*********************************************************************
==> Establishing database connection
  ==> Loading JDBC driver ....
==> Connected to drivername :oracle.jdbc.driver.OracleDriver
==> Connected to url :jdbc:oracle:thin:@172.31.11.50:1521:ibd
==> Connected to username :bvuat1
==> Connected to :jdbc:oracle:thin:@172.31.11.50:1521:ibd
==> Retrieving MQ message .....
==> DATA Recived from MQ Success
==> GOLD DATA Found   :[GLDGOLD PRICES RATES   000DFLTT0390111181648050000000000000000000000000000000000000000000000000000000000000000000000000000000000000000000000000000000000000000000000000000000000000000000000000000000000000000000000000000000000000000000000000000000000000000000000000000000000000000000000000000000000000000000000000000000000000000000000000000000000000000000000000000000000000000000000000000000000000000000000000000000000000000000000000000000000000000000000000000000000000000000000000000000000000000000000000000000000000000000000000000000000000000000000000000000000000000000000000000000000000000000000000000000000000000000000000000000000000000000000000000000000000000000000000000000000000000000000000000000000000000000000000000000000000000000000000000000000000000000000000000000000000000000000000000002723127872171761758300000000000000000000000000000000000000000000000000000000000000000000000000000000]
==> SILVER DATA Found :[SVRSILVER PRICES       000DFLTT0390111181648050000000000000000000000000000000000000000000000000000000000000000000000000000000000000000000000000000000000000000000000000000000000000000000000000000000000000000000000000000000000000000000000000000000000000000000000000000000000000000000000000000000000000000000000000000000000000000000000000000000000000000000000000000000000000000000000000000000000000000000000000000000000000000000000000000000000000000000000000000000000000000000000000000000000000000000000000000000000000000000000000000000000000000000000000000000000000000000000000000000000000000000000000000000000000000000000000000000000000000000000000000000000000000000000000000000000000000000000000000000000000000000000000000000000000000000000000000000000000000000000000000000000000000000000000000000029900315003290036300000000000000000000000000000000000000000000000000000000000000000000000000000000]
==> KIJ DATA Found :[KIJKIJANG EMAS PRICES  000DFLTT0390111181648050000000065290006317000005337038710003714000002669025170002413000001334000000000000000000000000000000000000000000000000000000000000000000000000000000000000000000000000000000000000000000000000000000000000000000000000000000000000000000000000000000000000000000000000000000000000000000000000000000000000000000000000000000000000000000000000000000000000000000000000000000000000000000000000000000000000000000000000000000000000000000000000000000000000000000000000000000000000000000000000000000000000000000000000000000000000000000000000000000000000000000000000000000000000000000000000000000000000000000000000000000000000000000000000000000000000000000000000000000000000000000000000000000000000000000000000000000000000000000000000000000000000000000000000000000000000000000000000000000000000000000000000000000000000000000000000000000000000000000000000000000000000]
Source Record time stamp  [01/11/18:164805] and DB Record Time stamps [29/10/18:183747] .
  


METAL_CODE	KIJ
METAL_DESC	KIJANG EMA
LAST_UPDATED_DATE	011118
LAST_UPDATED_TIME	164805
METAL_SELLINGPRICE	0652900
METAL_BUYINGPRICE	0631700
METAL_HALF_SELLINGPRICE	0387100
METAL_HALF_BUYINGPRICE	0371400
METAL_QUARTER_SELLINGPRICE	0251700
METAL_QUARTER_BUYINGPRICE	0241300
### Formatted values ### 
METAL_SELLINGPRICE:06529.00
METAL_BUYINGPRICE:06317.00
METAL_HALF_SELLINGPRICE:03871.00
METAL_HALF_BUYINGPRICE:03714.00
METAL_QUARTER_SELLINGPRICE:02517.00
METAL_QUARTER_BUYINGPRICE:02413.00
Updating sql dat :[:update MBB_PRECIOUSMETAL_PRICE set METAL_DESC = 'KIJANG EMA', LAST_UPDATED_DATE = '01/11/18', LAST_UPDATED_TIME = '164805', METAL_BUYINGPRICE = 06317.00, METAL_SELLINGPRICE = 06529.00, METAL_HALF_SELLINGPRICE = 03871.00, METAL_HALF_BUYINGPRICE = 03714.00, METAL_QUARTER_SELLINGPRICE = 02517.00, METAL_QUARTER_BUYINGPRICE = 02413.00 where METAL_CODE = 'KIJ']
  1 record updated successflly FOR METAL_CODE:[KIJ]
Source Record time stamp  [01/11/18:164805] and DB Record Time stamps [29/10/18:183747] .
  


METAL_CODE	GLD
METAL_DESC	GOLD PRICE
LAST_UPDATED_DATE	011118
LAST_UPDATED_TIME	164805
METAL_BUYINGPRICE	27231
METAL_SELLINGPRICE	27872
METAL_MIDPRICE	17176
METAL_REVEALPRICE	17583
Updating sql dat :[:update MBB_PRECIOUSMETAL_PRICE set METAL_DESC = 'GOLD PRICE', LAST_UPDATED_DATE = '01/11/18', LAST_UPDATED_TIME = '164805', METAL_BUYINGPRICE = 272.31, METAL_SELLINGPRICE = 278.72, METAL_MIDPRICE = 171.76, METAL_REVEALPRICE = 175.83 where METAL_CODE = 'GLD']
  1 record updated successflly FOR METAL_CODE:[GLD]
Source Record time stamp  [01/11/18:164805] and DB Record Time stamps [29/10/18:183747] .
  


*********************************************************************
==> Start SILVER Data Processing  ...02 Nov 2018 11:28:21 MYT
METAL_CODE	SVR
METAL_DESC	SILVER PRI
LAST_UPDATED_DATE	011118
LAST_UPDATED_TIME	164805
METAL_BUYINGPRICE	00299
METAL_SELLINGPRICE	00315
METAL_MIDPRICE	00329
METAL_REVEALPRICE	00363
Updating sql dat :[:update MBB_PRECIOUSMETAL_PRICE set METAL_DESC = 'SILVER PRI', LAST_UPDATED_DATE = '01/11/18', LAST_UPDATED_TIME = '164805', METAL_BUYINGPRICE = 002.99, METAL_SELLINGPRICE = 003.15, METAL_MIDPRICE = 003.29, METAL_REVEALPRICE = 003.63 where METAL_CODE = 'SVR']
  1 record updated successflly for METAL_CODE:[SVR]
Ending while Messages process..
==> Retrieving MQ message .....
MQJE001: Completion Code 2, Reason 2033
*** There are NO Messages in MQ to Retrive :[M2U.MQS3.REQ.FTP.10]MQJE001: Completion Code 2, Reason 2033
FINALLY closing all open connections
Closing database connection
Closing MQ connection
*** GoldAndSilverMQTrigger Process completed :02 Nov 2018 11:28:21 MYT

===============  END PROCESSING  ::  Fri Nov 2 11:28:28 MYT 2018  =============== 

=============== START PROCESSING ::  Fri Nov 2 14:33:47 MYT 2018  =============== 

Nov 2, 2018 2:33:49 PM java.util.jar.Attributes read
WARNING: Duplicate name in Manifest: Implementation-Title.
Ensure that the manifest does not have duplicate entries, and
that blank lines separate individual sections in both your
manifest and in the META-INF/MANIFEST.MF entry in the jar file.
Nov 2, 2018 2:33:49 PM java.util.jar.Attributes read
WARNING: Duplicate name in Manifest: Implementation-Version.
Ensure that the manifest does not have duplicate entries, and
that blank lines separate individual sections in both your
manifest and in the META-INF/MANIFEST.MF entry in the jar file.
Nov 2, 2018 2:33:49 PM java.util.jar.Attributes read
WARNING: Duplicate name in Manifest: Implementation-Vendor.
Ensure that the manifest does not have duplicate entries, and
that blank lines separate individual sections in both your
manifest and in the META-INF/MANIFEST.MF entry in the jar file.
Nov 2, 2018 2:33:49 PM java.util.jar.Attributes read
WARNING: Duplicate name in Manifest: Implementation-Title.
Ensure that the manifest does not have duplicate entries, and
that blank lines separate individual sections in both your
manifest and in the META-INF/MANIFEST.MF entry in the jar file.
Nov 2, 2018 2:33:49 PM java.util.jar.Attributes read
WARNING: Duplicate name in Manifest: Implementation-Version.
Ensure that the manifest does not have duplicate entries, and
that blank lines separate individual sections in both your
manifest and in the META-INF/MANIFEST.MF entry in the jar file.
Nov 2, 2018 2:33:49 PM java.util.jar.Attributes read
WARNING: Duplicate name in Manifest: Implementation-Vendor.
Ensure that the manifest does not have duplicate entries, and
that blank lines separate individual sections in both your
manifest and in the META-INF/MANIFEST.MF entry in the jar file.
==> Reading configuration properties - /bv_data/bv_app/GoldAndSilverRates/config/gs_mq.cfg
==> Establishing MQ connection...
*********************************************************************
mqHost =172.29.75.10
mqPort=2414
mqChannel=SYSTEM.DEF.SVRCONN
mqQmananager=M2US11
mqReqQ=M2U.MQS3.REQ.FTP.10
mqTout=5
*********************************************************************
==> Establishing database connection
  ==> Loading JDBC driver ....
==> Connected to drivername :oracle.jdbc.driver.OracleDriver
==> Connected to url :jdbc:oracle:thin:@172.31.11.50:1521:ibd
==> Connected to username :bvuat1
==> Connected to :jdbc:oracle:thin:@172.31.11.50:1521:ibd
==> Retrieving MQ message .....
==> DATA Recived from MQ Success
==> GOLD DATA Found   :[GLDGOLD PRICES RATES   000DFLTT0390711181432280000000000000000000000000000000000000000000000000000000000000000000000000000000000000000000000000000000000000000000000000000000000000000000000000000000000000000000000000000000000000000000000000000000000000000000000000000000000000000000000000000000000000000000000000000000000000000000000000000000000000000000000000000000000000000000000000000000000000000000000000000000000000000000000000000000000000000000000000000000000000000000000000000000000000000000000000000000000000000000000000000000000000000000000000000000000000000000000000000000000000000000000000000000000000000000000000000000000000000000000000000000000000000000000000000000000000000000000000000000000000000000000000000000000000000000000000000000000000000000000000000000000000000000000000000001723117872171761758300000000000000000000000000000000000000000000000000000000000000000000000000000000]
==> SILVER DATA Found :[SVRSILVER PRICES       000DFLTT0390711181432280000000000000000000000000000000000000000000000000000000000000000000000000000000000000000000000000000000000000000000000000000000000000000000000000000000000000000000000000000000000000000000000000000000000000000000000000000000000000000000000000000000000000000000000000000000000000000000000000000000000000000000000000000000000000000000000000000000000000000000000000000000000000000000000000000000000000000000000000000000000000000000000000000000000000000000000000000000000000000000000000000000000000000000000000000000000000000000000000000000000000000000000000000000000000000000000000000000000000000000000000000000000000000000000000000000000000000000000000000000000000000000000000000000000000000000000000000000000000000000000000000000000000000000000000000000019900215003290036300000000000000000000000000000000000000000000000000000000000000000000000000000000]
==> KIJ DATA Found :[KIJKIJANG EMAS PRICES  000DFLTT0390711181432280000000055290005317000005337028710002714000002669015170001413000001334000000000000000000000000000000000000000000000000000000000000000000000000000000000000000000000000000000000000000000000000000000000000000000000000000000000000000000000000000000000000000000000000000000000000000000000000000000000000000000000000000000000000000000000000000000000000000000000000000000000000000000000000000000000000000000000000000000000000000000000000000000000000000000000000000000000000000000000000000000000000000000000000000000000000000000000000000000000000000000000000000000000000000000000000000000000000000000000000000000000000000000000000000000000000000000000000000000000000000000000000000000000000000000000000000000000000000000000000000000000000000000000000000000000000000000000000000000000000000000000000000000000000000000000000000000000000000000000000000000000000]
Source Record time stamp  [07/11/18:143228] and DB Record Time stamps [01/11/18:164805] .
  


METAL_CODE	KIJ
METAL_DESC	KIJANG EMA
LAST_UPDATED_DATE	071118
LAST_UPDATED_TIME	143228
METAL_SELLINGPRICE	0552900
METAL_BUYINGPRICE	0531700
METAL_HALF_SELLINGPRICE	0287100
METAL_HALF_BUYINGPRICE	0271400
METAL_QUARTER_SELLINGPRICE	0151700
METAL_QUARTER_BUYINGPRICE	0141300
### Formatted values ### 
METAL_SELLINGPRICE:05529.00
METAL_BUYINGPRICE:05317.00
METAL_HALF_SELLINGPRICE:02871.00
METAL_HALF_BUYINGPRICE:02714.00
METAL_QUARTER_SELLINGPRICE:01517.00
METAL_QUARTER_BUYINGPRICE:01413.00
Updating sql dat :[:update MBB_PRECIOUSMETAL_PRICE set METAL_DESC = 'KIJANG EMA', LAST_UPDATED_DATE = '07/11/18', LAST_UPDATED_TIME = '143228', METAL_BUYINGPRICE = 05317.00, METAL_SELLINGPRICE = 05529.00, METAL_HALF_SELLINGPRICE = 02871.00, METAL_HALF_BUYINGPRICE = 02714.00, METAL_QUARTER_SELLINGPRICE = 01517.00, METAL_QUARTER_BUYINGPRICE = 01413.00 where METAL_CODE = 'KIJ']
  1 record updated successflly FOR METAL_CODE:[KIJ]
Source Record time stamp  [07/11/18:143228] and DB Record Time stamps [01/11/18:164805] .
  


METAL_CODE	GLD
METAL_DESC	GOLD PRICE
LAST_UPDATED_DATE	071118
LAST_UPDATED_TIME	143228
METAL_BUYINGPRICE	17231
METAL_SELLINGPRICE	17872
METAL_MIDPRICE	17176
METAL_REVEALPRICE	17583
Updating sql dat :[:update MBB_PRECIOUSMETAL_PRICE set METAL_DESC = 'GOLD PRICE', LAST_UPDATED_DATE = '07/11/18', LAST_UPDATED_TIME = '143228', METAL_BUYINGPRICE = 172.31, METAL_SELLINGPRICE = 178.72, METAL_MIDPRICE = 171.76, METAL_REVEALPRICE = 175.83 where METAL_CODE = 'GLD']
  1 record updated successflly FOR METAL_CODE:[GLD]
Source Record time stamp  [07/11/18:143228] and DB Record Time stamps [01/11/18:164805] .
  


*********************************************************************
==> Start SILVER Data Processing  ...02 Nov 2018 02:33:49 MYT
METAL_CODE	SVR
METAL_DESC	SILVER PRI
LAST_UPDATED_DATE	071118
LAST_UPDATED_TIME	143228
METAL_BUYINGPRICE	00199
METAL_SELLINGPRICE	00215
METAL_MIDPRICE	00329
METAL_REVEALPRICE	00363
Updating sql dat :[:update MBB_PRECIOUSMETAL_PRICE set METAL_DESC = 'SILVER PRI', LAST_UPDATED_DATE = '07/11/18', LAST_UPDATED_TIME = '143228', METAL_BUYINGPRICE = 001.99, METAL_SELLINGPRICE = 002.15, METAL_MIDPRICE = 003.29, METAL_REVEALPRICE = 003.63 where METAL_CODE = 'SVR']
  1 record updated successflly for METAL_CODE:[SVR]
Ending while Messages process..
==> Retrieving MQ message .....
MQJE001: Completion Code 2, Reason 2033
*** There are NO Messages in MQ to Retrive :[M2U.MQS3.REQ.FTP.10]MQJE001: Completion Code 2, Reason 2033
FINALLY closing all open connections
Closing database connection
Closing MQ connection
*** GoldAndSilverMQTrigger Process completed :02 Nov 2018 02:33:49 MYT

===============  END PROCESSING  ::  Fri Nov 2 14:33:57 MYT 2018  =============== 

=============== START PROCESSING ::  Mon Nov 5 10:47:39 MYT 2018  =============== 

Nov 5, 2018 10:47:40 AM java.util.jar.Attributes read
WARNING: Duplicate name in Manifest: Implementation-Title.
Ensure that the manifest does not have duplicate entries, and
that blank lines separate individual sections in both your
manifest and in the META-INF/MANIFEST.MF entry in the jar file.
Nov 5, 2018 10:47:40 AM java.util.jar.Attributes read
WARNING: Duplicate name in Manifest: Implementation-Version.
Ensure that the manifest does not have duplicate entries, and
that blank lines separate individual sections in both your
manifest and in the META-INF/MANIFEST.MF entry in the jar file.
Nov 5, 2018 10:47:40 AM java.util.jar.Attributes read
WARNING: Duplicate name in Manifest: Implementation-Vendor.
Ensure that the manifest does not have duplicate entries, and
that blank lines separate individual sections in both your
manifest and in the META-INF/MANIFEST.MF entry in the jar file.
Nov 5, 2018 10:47:40 AM java.util.jar.Attributes read
WARNING: Duplicate name in Manifest: Implementation-Title.
Ensure that the manifest does not have duplicate entries, and
that blank lines separate individual sections in both your
manifest and in the META-INF/MANIFEST.MF entry in the jar file.
Nov 5, 2018 10:47:40 AM java.util.jar.Attributes read
WARNING: Duplicate name in Manifest: Implementation-Version.
Ensure that the manifest does not have duplicate entries, and
that blank lines separate individual sections in both your
manifest and in the META-INF/MANIFEST.MF entry in the jar file.
Nov 5, 2018 10:47:40 AM java.util.jar.Attributes read
WARNING: Duplicate name in Manifest: Implementation-Vendor.
Ensure that the manifest does not have duplicate entries, and
that blank lines separate individual sections in both your
manifest and in the META-INF/MANIFEST.MF entry in the jar file.
==> Reading configuration properties - /bv_data/bv_app/GoldAndSilverRates/config/gs_mq.cfg
==> Establishing MQ connection...
*********************************************************************
mqHost =172.29.75.10
mqPort=2414
mqChannel=SYSTEM.DEF.SVRCONN
mqQmananager=M2US11
mqReqQ=M2U.MQS3.REQ.FTP.10
mqTout=5
*********************************************************************
==> Establishing database connection
  ==> Loading JDBC driver ....
==> Connected to drivername :oracle.jdbc.driver.OracleDriver
==> Connected to url :jdbc:oracle:thin:@172.31.11.50:1521:ibd
==> Connected to username :bvuat1
==> Connected to :jdbc:oracle:thin:@172.31.11.50:1521:ibd
==> Retrieving MQ message .....
==> DATA Recived from MQ Success
==> GOLD DATA Found   :[GLDGOLD PRICES RATES   000DFLTT0292910181837470000000000000000000000000000000000000000000000000000000000000000000000000000000000000000000000000000000000000000000000000000000000000000000000000000000000000000000000000000000000000000000000000000000000000000000000000000000000000000000000000000000000000000000000000000000000000000000000000000000000000000000000000000000000000000000000000000000000000000000000000000000000000000000000000000000000000000000000000000000000000000000000000000000000000000000000000000000000000000000000000000000000000000000000000000000000000000000000000000000000000000000000000000000000000000000000000000000000000000000000000000000000000000000000000000000000000000000000000000000000000000000000000000000000000000000000000000000000000000000000000000000000000000000000000000003611936761171861759300000000000000000000000000000000000000000000000000000000000000000000000000000000]
==> SILVER DATA Found :[SVRSILVER PRICES       000DFLTT0292910181837470000000000000000000000000000000000000000000000000000000000000000000000000000000000000000000000000000000000000000000000000000000000000000000000000000000000000000000000000000000000000000000000000000000000000000000000000000000000000000000000000000000000000000000000000000000000000000000000000000000000000000000000000000000000000000000000000000000000000000000000000000000000000000000000000000000000000000000000000000000000000000000000000000000000000000000000000000000000000000000000000000000000000000000000000000000000000000000000000000000000000000000000000000000000000000000000000000000000000000000000000000000000000000000000000000000000000000000000000000000000000000000000000000000000000000000000000000000000000000000000000000000000000000000000000000000040400388003390037300000000000000000000000000000000000000000000000000000000000000000000000000000000]
==> KIJ DATA Found :[KIJKIJANG EMAS PRICES  000DFLTT0292910181837470000000074180007206000005173047600004603000002587034060003302000001294000000000000000000000000000000000000000000000000000000000000000000000000000000000000000000000000000000000000000000000000000000000000000000000000000000000000000000000000000000000000000000000000000000000000000000000000000000000000000000000000000000000000000000000000000000000000000000000000000000000000000000000000000000000000000000000000000000000000000000000000000000000000000000000000000000000000000000000000000000000000000000000000000000000000000000000000000000000000000000000000000000000000000000000000000000000000000000000000000000000000000000000000000000000000000000000000000000000000000000000000000000000000000000000000000000000000000000000000000000000000000000000000000000000000000000000000000000000000000000000000000000000000000000000000000000000000000000000000000000000000]
Source Record time stamp  [29/10/18:183747] and DB Record Time stamps [07/11/18:143228] .
  

*** 2 Ingnore KIJ Rates: Mainframe Record time stamp  [29/10/18:183747] and DB Record Time stamps [07/11/18:143228] .
  
*** 2 Ingnore KIJ Rates: Mainframe Record time stamp  [29/10/18:183747] and DB Record Time stamps [07/11/18:143228] .
  
Source Record time stamp  [29/10/18:183747] and DB Record Time stamps [07/11/18:143228] .
  

*** 2 Ingnore Gold Rates: Mainframe Record time stamp  [29/10/18:183747] and DB Record Time stamps [07/11/18:143228] .
  
*** 2 Ingnore Gold Rates: Mainframe Record time stamp  [29/10/18:183747] and DB Record Time stamps [07/11/18:143228] .
  
Source Record time stamp  [29/10/18:183747] and DB Record Time stamps [07/11/18:143228] .
  

*** 2 Ingnore SILVER Rates: Mainframe Record time stamp  [29/10/18:183747] and DB Record Time stamps [07/11/18:143228]  .
  
*** 2 Ingnore SILVER Rates: Mainframe Record time stamp  [29/10/18:183747] and DB Record Time stamps [07/11/18:143228]  .
  
Ending while Messages process..
==> Retrieving MQ message .....
MQJE001: Completion Code 2, Reason 2033
*** There are NO Messages in MQ to Retrive :[M2U.MQS3.REQ.FTP.10]MQJE001: Completion Code 2, Reason 2033
FINALLY closing all open connections
Closing database connection
Closing MQ connection
*** GoldAndSilverMQTrigger Process completed :05 Nov 2018 10:47:40 MYT

===============  END PROCESSING  ::  Mon Nov 5 10:47:47 MYT 2018  =============== 
